#
# There is insufficient memory for the Java Runtime Environment to continue.
# Native memory allocation (malloc) failed to allocate 1048576 bytes for AllocateHeap
# Possible reasons:
#   The system is out of physical RAM or swap space
#   In 32 bit mode, the process size limit was hit
# Possible solutions:
#   Reduce memory load on the system
#   Increase physical memory or swap space
#   Check if swap backing store is full
#   Use 64 bit Java on a 64 bit OS
#   Decrease Java heap size (-Xmx/-Xms)
#   Decrease number of Java threads
#   Decrease Java thread stack sizes (-Xss)
#   Set larger code cache with -XX:ReservedCodeCacheSize=
# This output file may be truncated or incomplete.
#
#  Out of Memory Error (memory/allocation.inline.hpp:61), pid=11688, tid=0x000000000000437c
#
# JRE version:  (8.0_102-b14) (build )
# Java VM: Java HotSpot(TM) 64-Bit Server VM (25.102-b14 mixed mode windows-amd64 compressed oops)
# Failed to write core dump. Minidumps are not enabled by default on client versions of Windows
#

---------------  T H R E A D  ---------------

Current thread (0x00000000027b1000):  JavaThread "Unknown thread" [_thread_in_vm, id=17276, stack(0x00000000026b0000,0x00000000027b0000)]

Stack: [0x00000000026b0000,0x00000000027b0000]
[error occurred during error reporting (printing stack bounds), id 0xc0000005]

Native frames: (J=compiled Java code, j=interpreted, Vv=VM code, C=native code)


---------------  P R O C E S S  ---------------

Java Threads: ( => current thread )

Other Threads:

=>0x00000000027b1000 (exited) JavaThread "Unknown thread" [_thread_in_vm, id=17276, stack(0x00000000026b0000,0x00000000027b0000)]

VM state:not at safepoint (normal execution)

VM Mutex/Monitor currently owned by a thread: None

Heap:
 PSYoungGen      total 38400K, used 665K [0x00000000eab00000, 0x00000000ed580000, 0x0000000100000000)
  eden space 33280K, 2% used [0x00000000eab00000,0x00000000eaba6670,0x00000000ecb80000)
  from space 5120K, 0% used [0x00000000ed080000,0x00000000ed080000,0x00000000ed580000)
  to   space 5120K, 0% used [0x00000000ecb80000,0x00000000ecb80000,0x00000000ed080000)
 ParOldGen       total 87552K, used 0K [0x00000000c0000000, 0x00000000c5580000, 0x00000000eab00000)
  object space 87552K, 0% used [0x00000000c0000000,0x00000000c0000000,0x00000000c5580000)
 Metaspace       used 770K, capacity 4480K, committed 4480K, reserved 1056768K
  class space    used 75K, capacity 384K, committed 384K, reserved 1048576K

Card table byte_map: [0x0000000011c70000,0x0000000011e80000] byte_map_base: 0x0000000011670000

Marking Bits: (ParMarkBitMap*) 0x000000005a31a6c0
 Begin Bits: [0x00000000123e0000, 0x00000000133e0000)
 End Bits:   [0x00000000133e0000, 0x00000000143e0000)

Polling page: 0x0000000000d70000

CodeCache: size=245760Kb used=328Kb max_used=328Kb free=245431Kb
 bounds [0x00000000028b0000, 0x0000000002b20000, 0x00000000118b0000]
 total_blobs=58 nmethods=0 adapters=38
 compilation: enabled

Compilation events (0 events):
No events

GC Heap History (0 events):
No events

Deoptimization events (0 events):
No events

Internal exceptions (0 events):
No events

Events (10 events):
Event: 0.101 loading class java/lang/Short
Event: 0.101 loading class java/lang/Short done
Event: 0.101 loading class java/lang/Integer
Event: 0.102 loading class java/lang/Integer done
Event: 0.102 loading class java/lang/Long
Event: 0.102 loading class java/lang/Long done
Event: 0.103 loading class java/lang/NullPointerException
Event: 0.103 loading class java/lang/NullPointerException done
Event: 0.103 loading class java/lang/ArithmeticException
Event: 0.103 loading class java/lang/ArithmeticException done


Dynamic libraries:
0x00007ff7ea890000 - 0x00007ff7ea8c7000 	C:\Program Files\Java\jdk1.8.0_102\bin\java.exe
0x00007ffecae10000 - 0x00007ffecafe1000 	C:\WINDOWS\SYSTEM32\ntdll.dll
0x00007ffec8c10000 - 0x00007ffec8cbb000 	C:\WINDOWS\System32\KERNEL32.DLL
0x00007ffec8120000 - 0x00007ffec833d000 	C:\WINDOWS\System32\KERNELBASE.dll
0x00007ffec8b60000 - 0x00007ffec8c02000 	C:\WINDOWS\System32\ADVAPI32.dll
0x00007ffec8a50000 - 0x00007ffec8aee000 	C:\WINDOWS\System32\msvcrt.dll
0x00007ffec8420000 - 0x00007ffec8479000 	C:\WINDOWS\System32\sechost.dll
0x00007ffec9160000 - 0x00007ffec9281000 	C:\WINDOWS\System32\RPCRT4.dll
0x00007ffecac80000 - 0x00007ffecade5000 	C:\WINDOWS\System32\USER32.dll
0x00007ffec76f0000 - 0x00007ffec770e000 	C:\WINDOWS\System32\win32u.dll
0x00007ffec8b20000 - 0x00007ffec8b54000 	C:\WINDOWS\System32\GDI32.dll
0x00007ffec7e40000 - 0x00007ffec7fc2000 	C:\WINDOWS\System32\gdi32full.dll
0x00007ffebbb00000 - 0x00007ffebbd79000 	C:\WINDOWS\WinSxS\amd64_microsoft.windows.common-controls_6595b64144ccf1df_6.0.14393.0_none_2d0f50fcbdb171b8\COMCTL32.dll
0x00007ffeca940000 - 0x00007ffecac07000 	C:\WINDOWS\System32\combase.dll
0x00007ffec75f0000 - 0x00007ffec76e5000 	C:\WINDOWS\System32\ucrtbase.dll
0x00007ffec7580000 - 0x00007ffec75ea000 	C:\WINDOWS\System32\bcryptPrimitives.dll
0x00007ffec8af0000 - 0x00007ffec8b1e000 	C:\WINDOWS\System32\IMM32.DLL
0x00000000595f0000 - 0x00000000596c1000 	C:\Program Files\Java\jdk1.8.0_102\jre\bin\msvcr100.dll
0x0000000059b00000 - 0x000000005a39a000 	C:\Program Files\Java\jdk1.8.0_102\jre\bin\server\jvm.dll
0x00007ffecac10000 - 0x00007ffecac18000 	C:\WINDOWS\System32\PSAPI.DLL
0x00007ffec45a0000 - 0x00007ffec45a9000 	C:\WINDOWS\SYSTEM32\WSOCK32.dll
0x00007ffec8d20000 - 0x00007ffec8d8a000 	C:\WINDOWS\System32\WS2_32.dll
0x00007ffec5aa0000 - 0x00007ffec5ac3000 	C:\WINDOWS\SYSTEM32\WINMM.dll
0x00007ffec57c0000 - 0x00007ffec57ca000 	C:\WINDOWS\SYSTEM32\VERSION.dll
0x00007ffec5a70000 - 0x00007ffec5a9b000 	C:\WINDOWS\SYSTEM32\WINMMBASE.dll
0x00007ffec7df0000 - 0x00007ffec7e32000 	C:\WINDOWS\System32\cfgmgr32.dll
0x000000005aad0000 - 0x000000005aadf000 	C:\Program Files\Java\jdk1.8.0_102\jre\bin\verify.dll
0x000000005aaa0000 - 0x000000005aac9000 	C:\Program Files\Java\jdk1.8.0_102\jre\bin\java.dll
0x000000005aa80000 - 0x000000005aa96000 	C:\Program Files\Java\jdk1.8.0_102\jre\bin\zip.dll

VM Arguments:
jvm_args: -Djava.awt.headless=true -Xmx1024M -Dfile.encoding=windows-1252 -Duser.country=US -Duser.language=en -Duser.variant 
java_command: com.android.dx.command.Main --dex --force-jumbo --num-threads=4 --multi-dex --output C:\Users\Khalid.Elgazzar\AndroidStudioProjects\JustJava\app\build\intermediates\transforms\dex\debug\folders\1000\10\internal_impl-24.2.1_2bcdeef5974580bb3f00a5714f8b45d4e992a6f2 C:\Users\Khalid.Elgazzar\AndroidStudioProjects\JustJava\app\build\intermediates\exploded-aar\com.android.support\support-media-compat\24.2.1\jars\libs\internal_impl-24.2.1.jar
java_class_path (initial): C:\Users\Khalid.Elgazzar\AppData\Local\Android\sdk\build-tools\24.0.2\lib\dx.jar
Launcher Type: SUN_STANDARD

Environment Variables:
PATH=C:\ProgramData\Oracle\Java\javapath;C:\WINDOWS\system32;C:\WINDOWS;C:\WINDOWS\System32\Wbem;C:\WINDOWS\System32\WindowsPowerShell\v1.0\;C:\Program Files (x86)\Skype\Phone\;C:\Program Files (x86)\Google\Google Apps Sync\;C:\Program Files (x86)\Google\Google Apps Migration\;C:\TDM-GCC-64\bin;C:\Users\Khalid.Elgazzar\AppData\Local\Microsoft\WindowsApps;
USERNAME=Khalid.Elgazzar
OS=Windows_NT
PROCESSOR_IDENTIFIER=Intel64 Family 6 Model 78 Stepping 3, GenuineIntel



---------------  S Y S T E M  ---------------

OS: Windows 10.0 , 64 bit Build 14393 (10.0.14393.0)

CPU:total 4 (2 cores per cpu, 2 threads per core) family 6 model 78 stepping 3, cmov, cx8, fxsr, mmx, sse, sse2, sse3, ssse3, sse4.1, sse4.2, popcnt, avx, avx2, aes, clmul, erms, 3dnowpref, lzcnt, ht, tsc, tscinvbit, bmi1, bmi2, adx

Memory: 4k page, physical 8269992k(110552k free), swap 22336676k(5548k free)

vm_info: Java HotSpot(TM) 64-Bit Server VM (25.102-b14) for windows-amd64 JRE (1.8.0_102-b14), built on Jun 22 2016 13:15:21 by "java_re" with MS VC++ 10.0 (VS2010)

time: Wed Oct 12 15:00:12 2016
elapsed time: 0 seconds (0d 0h 0m 0s)

