#
# There is insufficient memory for the Java Runtime Environment to continue.
# Native memory allocation (malloc) failed to allocate 714656 bytes for Chunk::new
# Possible reasons:
#   The system is out of physical RAM or swap space
#   In 32 bit mode, the process size limit was hit
# Possible solutions:
#   Reduce memory load on the system
#   Increase physical memory or swap space
#   Check if swap backing store is full
#   Use 64 bit Java on a 64 bit OS
#   Decrease Java heap size (-Xmx/-Xms)
#   Decrease number of Java threads
#   Decrease Java thread stack sizes (-Xss)
#   Set larger code cache with -XX:ReservedCodeCacheSize=
# This output file may be truncated or incomplete.
#
#  Out of Memory Error (allocation.cpp:390), pid=4784, tid=0x0000000000002760
#
# JRE version: Java(TM) SE Runtime Environment (8.0_102-b14) (build 1.8.0_102-b14)
# Java VM: Java HotSpot(TM) 64-Bit Server VM (25.102-b14 mixed mode windows-amd64 compressed oops)
# Failed to write core dump. Minidumps are not enabled by default on client versions of Windows
#

---------------  T H R E A D  ---------------

Current thread (0x000000001561d800):  JavaThread "C2 CompilerThread1" daemon [_thread_in_native, id=10080, stack(0x0000000016d40000,0x0000000016e40000)]

Stack: [0x0000000016d40000,0x0000000016e40000]
[error occurred during error reporting (printing stack bounds), id 0xc0000005]

Native frames: (J=compiled Java code, j=interpreted, Vv=VM code, C=native code)


Current CompileTask:
C2:   4912 1465       4       com.android.dx.dex.code.OutputFinisher::addConstants (93 bytes)


---------------  P R O C E S S  ---------------

Java Threads: ( => current thread )
  0x0000000018239000 JavaThread "pool-1-thread-1" [_thread_in_vm, id=8684, stack(0x0000000019210000,0x0000000019310000)]
  0x0000000016f45000 JavaThread "Service Thread" daemon [_thread_blocked, id=10384, stack(0x0000000017340000,0x0000000017440000)]
  0x000000001565c800 JavaThread "C1 CompilerThread2" daemon [_thread_blocked, id=14152, stack(0x0000000016e40000,0x0000000016f40000)]
=>0x000000001561d800 JavaThread "C2 CompilerThread1" daemon [_thread_in_native, id=10080, stack(0x0000000016d40000,0x0000000016e40000)]
  0x00000000155fb800 JavaThread "C2 CompilerThread0" daemon [_thread_in_native, id=6040, stack(0x0000000016c40000,0x0000000016d40000)]
  0x00000000155fa000 JavaThread "Attach Listener" daemon [_thread_blocked, id=14232, stack(0x0000000016b40000,0x0000000016c40000)]
  0x00000000155f8800 JavaThread "Signal Dispatcher" daemon [_thread_blocked, id=11688, stack(0x0000000016a40000,0x0000000016b40000)]
  0x00000000155ea800 JavaThread "Finalizer" daemon [_thread_blocked, id=15148, stack(0x0000000016850000,0x0000000016950000)]
  0x0000000002f1f000 JavaThread "Reference Handler" daemon [_thread_blocked, id=12600, stack(0x0000000016750000,0x0000000016850000)]
  0x0000000002e31000 JavaThread "main" [_thread_blocked, id=10884, stack(0x0000000002cc0000,0x0000000002dc0000)]

Other Threads:
  0x00000000155c8000 VMThread [stack: 0x0000000016650000,0x0000000016750000] [id=14920]
  0x0000000016f59800 WatcherThread [stack: 0x0000000017440000,0x0000000017540000] [id=16864]

VM state:not at safepoint (normal execution)

VM Mutex/Monitor currently owned by a thread: None

Heap:
 PSYoungGen      total 38400K, used 31949K [0x00000000eab00000, 0x00000000ef600000, 0x0000000100000000)
  eden space 33280K, 80% used [0x00000000eab00000,0x00000000ec537740,0x00000000ecb80000)
  from space 5120K, 99% used [0x00000000ecb80000,0x00000000ed07c038,0x00000000ed080000)
  to   space 5120K, 0% used [0x00000000ef100000,0x00000000ef100000,0x00000000ef600000)
 ParOldGen       total 87552K, used 1520K [0x00000000c0000000, 0x00000000c5580000, 0x00000000eab00000)
  object space 87552K, 1% used [0x00000000c0000000,0x00000000c017c198,0x00000000c5580000)
 Metaspace       used 6154K, capacity 7032K, committed 7296K, reserved 1056768K
  class space    used 608K, capacity 624K, committed 640K, reserved 1048576K

Card table byte_map: [0x00000000122f0000,0x0000000012500000] byte_map_base: 0x0000000011cf0000

Marking Bits: (ParMarkBitMap*) 0x000000005a31a6c0
 Begin Bits: [0x0000000012a60000, 0x0000000013a60000)
 End Bits:   [0x0000000013a60000, 0x0000000014a60000)

Polling page: 0x0000000001210000

CodeCache: size=245760Kb used=5940Kb max_used=5940Kb free=239819Kb
 bounds [0x0000000002f30000, 0x0000000003510000, 0x0000000011f30000]
 total_blobs=1755 nmethods=1486 adapters=182
 compilation: enabled

Compilation events (10 events):
Event: 4.884 Thread 0x000000001565c800 1501       1       com.android.dx.dex.file.DexFile::getTypeLists (5 bytes)
Event: 4.884 Thread 0x000000001565c800 nmethod 1501 0x0000000003500210 code [0x0000000003500360, 0x0000000003500470]
Event: 4.885 Thread 0x000000001565c800 1503  s    3       com.android.dx.dex.file.TypeIdsSection::intern (62 bytes)
Event: 4.886 Thread 0x000000001565c800 nmethod 1503 0x00000000035004d0 code [0x00000000035006e0, 0x00000000035012c8]
Event: 4.887 Thread 0x000000001565c800 1504  s    3       com.android.dx.dex.file.MixedItemSection::intern (39 bytes)
Event: 4.888 Thread 0x000000001565c800 nmethod 1504 0x0000000003501890 code [0x0000000003501a60, 0x00000000035022b8]
Event: 4.889 Thread 0x000000001565c800 1505       3       com.android.dx.rop.cst.CstString::stringToUtf8Bytes (175 bytes)
Event: 4.890 Thread 0x000000001565c800 nmethod 1505 0x0000000003502550 code [0x0000000003502720, 0x0000000003502f98]
Event: 4.890 Thread 0x000000001565c800 1506       1       com.android.dx.dex.file.IdItem::getDefiningClass (5 bytes)
Event: 4.890 Thread 0x000000001565c800 nmethod 1506 0x0000000003503390 code [0x00000000035034e0, 0x00000000035035f0]

GC Heap History (2 events):
Event: 3.395 GC heap before
{Heap before GC invocations=1 (full 0):
 PSYoungGen      total 38400K, used 33280K [0x00000000eab00000, 0x00000000ed580000, 0x0000000100000000)
  eden space 33280K, 100% used [0x00000000eab00000,0x00000000ecb80000,0x00000000ecb80000)
  from space 5120K, 0% used [0x00000000ed080000,0x00000000ed080000,0x00000000ed580000)
  to   space 5120K, 0% used [0x00000000ecb80000,0x00000000ecb80000,0x00000000ed080000)
 ParOldGen       total 87552K, used 0K [0x00000000c0000000, 0x00000000c5580000, 0x00000000eab00000)
  object space 87552K, 0% used [0x00000000c0000000,0x00000000c0000000,0x00000000c5580000)
 Metaspace       used 5993K, capacity 6900K, committed 7040K, reserved 1056768K
  class space    used 601K, capacity 620K, committed 640K, reserved 1048576K
Event: 3.550 GC heap after
Heap after GC invocations=1 (full 0):
 PSYoungGen      total 38400K, used 5104K [0x00000000eab00000, 0x00000000ef600000, 0x0000000100000000)
  eden space 33280K, 0% used [0x00000000eab00000,0x00000000eab00000,0x00000000ecb80000)
  from space 5120K, 99% used [0x00000000ecb80000,0x00000000ed07c038,0x00000000ed080000)
  to   space 5120K, 0% used [0x00000000ef100000,0x00000000ef100000,0x00000000ef600000)
 ParOldGen       total 87552K, used 1520K [0x00000000c0000000, 0x00000000c5580000, 0x00000000eab00000)
  object space 87552K, 1% used [0x00000000c0000000,0x00000000c017c198,0x00000000c5580000)
 Metaspace       used 5993K, capacity 6900K, committed 7040K, reserved 1056768K
  class space    used 601K, capacity 620K, committed 640K, reserved 1048576K
}

Deoptimization events (10 events):
Event: 4.795 Thread 0x0000000018239000 Uncommon trap: reason=class_check action=maybe_recompile pc=0x00000000033ad508 method=java.util.Arrays.hashCode([Ljava/lang/Object;)I @ 43
Event: 4.796 Thread 0x0000000018239000 Uncommon trap: reason=class_check action=maybe_recompile pc=0x00000000033ad508 method=java.util.Arrays.hashCode([Ljava/lang/Object;)I @ 43
Event: 4.796 Thread 0x0000000018239000 Uncommon trap: reason=class_check action=maybe_recompile pc=0x00000000033ad508 method=java.util.Arrays.hashCode([Ljava/lang/Object;)I @ 43
Event: 4.797 Thread 0x0000000018239000 Uncommon trap: reason=class_check action=maybe_recompile pc=0x00000000033ab574 method=java.util.Arrays.hashCode([Ljava/lang/Object;)I @ 43
Event: 4.806 Thread 0x0000000018239000 Uncommon trap: reason=unstable_if action=reinterpret pc=0x000000000331036c method=java.util.HashMap.putVal(ILjava/lang/Object;Ljava/lang/Object;ZZ)Ljava/lang/Object; @ 94
Event: 4.806 Thread 0x0000000018239000 Uncommon trap: reason=unstable_if action=reinterpret pc=0x000000000330b908 method=java.util.HashMap.putVal(ILjava/lang/Object;Ljava/lang/Object;ZZ)Ljava/lang/Object; @ 94
Event: 4.882 Thread 0x0000000018239000 Uncommon trap: reason=bimorphic action=maybe_recompile pc=0x000000000322ea30 method=java.util.HashMap.getNode(ILjava/lang/Object;)Ljava/util/HashMap$Node; @ 126
Event: 4.884 Thread 0x0000000018239000 Uncommon trap: reason=bimorphic action=maybe_recompile pc=0x000000000322ea30 method=java.util.HashMap.getNode(ILjava/lang/Object;)Ljava/util/HashMap$Node; @ 126
Event: 4.884 Thread 0x0000000018239000 Uncommon trap: reason=bimorphic action=maybe_recompile pc=0x000000000322ea30 method=java.util.HashMap.getNode(ILjava/lang/Object;)Ljava/util/HashMap$Node; @ 126
Event: 4.885 Thread 0x0000000018239000 Uncommon trap: reason=bimorphic action=maybe_recompile pc=0x0000000003171298 method=java.util.HashMap.getNode(ILjava/lang/Object;)Ljava/util/HashMap$Node; @ 126

Internal exceptions (4 events):
Event: 0.064 Thread 0x0000000002e31000 Exception <a 'java/lang/NoSuchMethodError': Method sun.misc.Unsafe.defineClass(Ljava/lang/String;[BII)Ljava/lang/Class; name or signature does not match> (0x00000000eab07c78) thrown at [C:\re\workspace\8-2-build-windows-amd64-cygwin\jdk8u102\7268\hotspot\sŠëËà‘u°?
Event: 0.064 Thread 0x0000000002e31000 Exception <a 'java/lang/NoSuchMethodError': Method sun.misc.Unsafe.prefetchRead(Ljava/lang/Object;J)V name or signature does not match> (0x00000000eab07f60) thrown at [C:\re\workspace\8-2-build-windows-amd64-cygwin\jdk8u102\7268\hotspot\src\share\vm\prims\ ªf]t”ÿ?
Event: 1.974 Thread 0x00000000170ac000 Implicit null exception at 0x00000000032b8762 to 0x00000000032b885a
Event: 2.007 Thread 0x0000000002e31000 Implicit null exception at 0x000000000320d6cf to 0x000000000320f439

Events (10 events):
Event: 4.882 Thread 0x0000000018239000 DEOPT UNPACKING pc=0x0000000002f7582a sp=0x000000001930ef98 mode 2
Event: 4.884 Thread 0x0000000018239000 Uncommon trap: trap_request=0xffffffc6 fr.pc=0x000000000322ea30
Event: 4.884 Thread 0x0000000018239000 DEOPT PACKING pc=0x000000000322ea30 sp=0x000000001930f070
Event: 4.884 Thread 0x0000000018239000 DEOPT UNPACKING pc=0x0000000002f7582a sp=0x000000001930ef98 mode 2
Event: 4.884 Thread 0x0000000018239000 Uncommon trap: trap_request=0xffffffc6 fr.pc=0x000000000322ea30
Event: 4.884 Thread 0x0000000018239000 DEOPT PACKING pc=0x000000000322ea30 sp=0x000000001930f070
Event: 4.884 Thread 0x0000000018239000 DEOPT UNPACKING pc=0x0000000002f7582a sp=0x000000001930ef98 mode 2
Event: 4.885 Thread 0x0000000018239000 Uncommon trap: trap_request=0xffffffc6 fr.pc=0x0000000003171298
Event: 4.885 Thread 0x0000000018239000 DEOPT PACKING pc=0x0000000003171298 sp=0x000000001930f010
Event: 4.885 Thread 0x0000000018239000 DEOPT UNPACKING pc=0x0000000002f7582a sp=0x000000001930ef98 mode 2


Dynamic libraries:
0x00007ff7ea890000 - 0x00007ff7ea8c7000 	C:\Program Files\Java\jdk1.8.0_102\bin\java.exe
0x00007ffecae10000 - 0x00007ffecafe1000 	C:\WINDOWS\SYSTEM32\ntdll.dll
0x00007ffec8c10000 - 0x00007ffec8cbb000 	C:\WINDOWS\System32\KERNEL32.DLL
0x00007ffec8120000 - 0x00007ffec833d000 	C:\WINDOWS\System32\KERNELBASE.dll
0x00007ffec8b60000 - 0x00007ffec8c02000 	C:\WINDOWS\System32\ADVAPI32.dll
0x00007ffec8a50000 - 0x00007ffec8aee000 	C:\WINDOWS\System32\msvcrt.dll
0x00007ffec8420000 - 0x00007ffec8479000 	C:\WINDOWS\System32\sechost.dll
0x00007ffec9160000 - 0x00007ffec9281000 	C:\WINDOWS\System32\RPCRT4.dll
0x00007ffecac80000 - 0x00007ffecade5000 	C:\WINDOWS\System32\USER32.dll
0x00007ffec76f0000 - 0x00007ffec770e000 	C:\WINDOWS\System32\win32u.dll
0x00007ffec8b20000 - 0x00007ffec8b54000 	C:\WINDOWS\System32\GDI32.dll
0x00007ffec7e40000 - 0x00007ffec7fc2000 	C:\WINDOWS\System32\gdi32full.dll
0x00007ffebbb00000 - 0x00007ffebbd79000 	C:\WINDOWS\WinSxS\amd64_microsoft.windows.common-controls_6595b64144ccf1df_6.0.14393.0_none_2d0f50fcbdb171b8\COMCTL32.dll
0x00007ffeca940000 - 0x00007ffecac07000 	C:\WINDOWS\System32\combase.dll
0x00007ffec75f0000 - 0x00007ffec76e5000 	C:\WINDOWS\System32\ucrtbase.dll
0x00007ffec7580000 - 0x00007ffec75ea000 	C:\WINDOWS\System32\bcryptPrimitives.dll
0x00007ffec8af0000 - 0x00007ffec8b1e000 	C:\WINDOWS\System32\IMM32.DLL
0x00000000595f0000 - 0x00000000596c1000 	C:\Program Files\Java\jdk1.8.0_102\jre\bin\msvcr100.dll
0x0000000059b00000 - 0x000000005a39a000 	C:\Program Files\Java\jdk1.8.0_102\jre\bin\server\jvm.dll
0x00007ffecac10000 - 0x00007ffecac18000 	C:\WINDOWS\System32\PSAPI.DLL
0x00007ffec45a0000 - 0x00007ffec45a9000 	C:\WINDOWS\SYSTEM32\WSOCK32.dll
0x00007ffec8d20000 - 0x00007ffec8d8a000 	C:\WINDOWS\System32\WS2_32.dll
0x00007ffec5aa0000 - 0x00007ffec5ac3000 	C:\WINDOWS\SYSTEM32\WINMM.dll
0x00007ffec57c0000 - 0x00007ffec57ca000 	C:\WINDOWS\SYSTEM32\VERSION.dll
0x00007ffec5a70000 - 0x00007ffec5a9b000 	C:\WINDOWS\SYSTEM32\WINMMBASE.dll
0x00007ffec7df0000 - 0x00007ffec7e32000 	C:\WINDOWS\System32\cfgmgr32.dll
0x000000005aad0000 - 0x000000005aadf000 	C:\Program Files\Java\jdk1.8.0_102\jre\bin\verify.dll
0x000000005aaa0000 - 0x000000005aac9000 	C:\Program Files\Java\jdk1.8.0_102\jre\bin\java.dll
0x000000005aa80000 - 0x000000005aa96000 	C:\Program Files\Java\jdk1.8.0_102\jre\bin\zip.dll
0x00007ffec9430000 - 0x00007ffeca938000 	C:\WINDOWS\System32\SHELL32.dll
0x00007ffec7710000 - 0x00007ffec7dea000 	C:\WINDOWS\System32\windows.storage.dll
0x00007ffec72b0000 - 0x00007ffec72fc000 	C:\WINDOWS\System32\powrprof.dll
0x00007ffecac20000 - 0x00007ffecac72000 	C:\WINDOWS\System32\shlwapi.dll
0x00007ffec7270000 - 0x00007ffec727f000 	C:\WINDOWS\System32\kernel.appcore.dll
0x00007ffec74d0000 - 0x00007ffec7579000 	C:\WINDOWS\System32\shcore.dll
0x00007ffec7280000 - 0x00007ffec7294000 	C:\WINDOWS\System32\profapi.dll

VM Arguments:
jvm_args: -Djava.awt.headless=true -Xmx1024M -Dfile.encoding=windows-1252 -Duser.country=US -Duser.language=en -Duser.variant 
java_command: com.android.dx.command.Main --dex --force-jumbo --num-threads=4 --multi-dex --output C:\Users\Khalid.Elgazzar\AndroidStudioProjects\JustJava\app\build\intermediates\transforms\dex\debug\folders\1000\10\instant-run_1e0845b4e1845675e74b6cd3eb73302963942e86 C:\Users\Khalid.Elgazzar\AndroidStudioProjects\JustJava\app\build\intermediates\incremental-runtime-classes\debug\instant-run.jar
java_class_path (initial): C:\Users\Khalid.Elgazzar\AppData\Local\Android\sdk\build-tools\24.0.2\lib\dx.jar
Launcher Type: SUN_STANDARD

Environment Variables:
PATH=C:\ProgramData\Oracle\Java\javapath;C:\WINDOWS\system32;C:\WINDOWS;C:\WINDOWS\System32\Wbem;C:\WINDOWS\System32\WindowsPowerShell\v1.0\;C:\Program Files (x86)\Skype\Phone\;C:\Program Files (x86)\Google\Google Apps Sync\;C:\Program Files (x86)\Google\Google Apps Migration\;C:\TDM-GCC-64\bin;C:\Users\Khalid.Elgazzar\AppData\Local\Microsoft\WindowsApps;
USERNAME=Khalid.Elgazzar
OS=Windows_NT
PROCESSOR_IDENTIFIER=Intel64 Family 6 Model 78 Stepping 3, GenuineIntel



---------------  S Y S T E M  ---------------

OS: Windows 10.0 , 64 bit Build 14393 (10.0.14393.0)

CPU:total 4 (2 cores per cpu, 2 threads per core) family 6 model 78 stepping 3, cmov, cx8, fxsr, mmx, sse, sse2, sse3, ssse3, sse4.1, sse4.2, popcnt, avx, avx2, aes, clmul, erms, 3dnowpref, lzcnt, ht, tsc, tscinvbit, bmi1, bmi2, adx

Memory: 4k page, physical 8269992k(106612k free), swap 22336676k(3412k free)

vm_info: Java HotSpot(TM) 64-Bit Server VM (25.102-b14) for windows-amd64 JRE (1.8.0_102-b14), built on Jun 22 2016 13:15:21 by "java_re" with MS VC++ 10.0 (VS2010)

time: Wed Oct 12 14:29:28 2016
elapsed time: 4 seconds (0d 0h 0m 4s)

