#
# There is insufficient memory for the Java Runtime Environment to continue.
# Native memory allocation (malloc) failed to allocate 228336 bytes for Chunk::new
# Possible reasons:
#   The system is out of physical RAM or swap space
#   In 32 bit mode, the process size limit was hit
# Possible solutions:
#   Reduce memory load on the system
#   Increase physical memory or swap space
#   Check if swap backing store is full
#   Use 64 bit Java on a 64 bit OS
#   Decrease Java heap size (-Xmx/-Xms)
#   Decrease number of Java threads
#   Decrease Java thread stack sizes (-Xss)
#   Set larger code cache with -XX:ReservedCodeCacheSize=
# This output file may be truncated or incomplete.
#
#  Out of Memory Error (allocation.cpp:390), pid=17488, tid=0x0000000000002cfc
#
# JRE version: Java(TM) SE Runtime Environment (8.0_102-b14) (build 1.8.0_102-b14)
# Java VM: Java HotSpot(TM) 64-Bit Server VM (25.102-b14 mixed mode windows-amd64 compressed oops)
# Failed to write core dump. Minidumps are not enabled by default on client versions of Windows
#

---------------  T H R E A D  ---------------

Current thread (0x000000001493b800):  JavaThread "C2 CompilerThread1" daemon [_thread_in_native, id=11516, stack(0x0000000016080000,0x0000000016180000)]

Stack: [0x0000000016080000,0x0000000016180000]
[error occurred during error reporting (printing stack bounds), id 0xc0000005]

Native frames: (J=compiled Java code, j=interpreted, Vv=VM code, C=native code)


Current CompileTask:
C2:   4843 1141       4       com.android.dx.ssa.back.LivenessAnalyzer::handleTailRecursion (94 bytes)


---------------  P R O C E S S  ---------------

Java Threads: ( => current thread )
  0x0000000016545000 JavaThread "pool-2-thread-4" [_thread_in_Java, id=18368, stack(0x0000000016c80000,0x0000000016d80000)]
  0x0000000016544800 JavaThread "pool-2-thread-3" [_thread_in_Java, id=18208, stack(0x0000000016b80000,0x0000000016c80000)]
  0x0000000016543800 JavaThread "pool-2-thread-2" [_thread_in_Java, id=17716, stack(0x0000000016a80000,0x0000000016b80000)]
  0x0000000016540800 JavaThread "pool-3-thread-1" [_thread_blocked, id=18280, stack(0x0000000016980000,0x0000000016a80000)]
  0x000000001653c800 JavaThread "pool-2-thread-1" [_thread_blocked, id=18264, stack(0x0000000016880000,0x0000000016980000)]
  0x000000001628d000 JavaThread "Service Thread" daemon [_thread_blocked, id=7472, stack(0x0000000016680000,0x0000000016780000)]
  0x000000001497d800 JavaThread "C1 CompilerThread2" daemon [_thread_in_native, id=8380, stack(0x0000000016180000,0x0000000016280000)]
=>0x000000001493b800 JavaThread "C2 CompilerThread1" daemon [_thread_in_native, id=11516, stack(0x0000000016080000,0x0000000016180000)]
  0x000000001491b800 JavaThread "C2 CompilerThread0" daemon [_thread_in_native, id=17836, stack(0x0000000015f80000,0x0000000016080000)]
  0x000000001491a800 JavaThread "Attach Listener" daemon [_thread_blocked, id=15272, stack(0x0000000015e80000,0x0000000015f80000)]
  0x0000000014919000 JavaThread "Signal Dispatcher" daemon [_thread_blocked, id=18112, stack(0x0000000015d80000,0x0000000015e80000)]
  0x000000001490a000 JavaThread "Finalizer" daemon [_thread_blocked, id=6324, stack(0x0000000015b90000,0x0000000015c90000)]
  0x00000000148e9000 JavaThread "Reference Handler" daemon [_thread_blocked, id=17900, stack(0x0000000015a90000,0x0000000015b90000)]
  0x0000000002151000 JavaThread "main" [_thread_in_Java, id=14280, stack(0x0000000001fd0000,0x00000000020d0000)]

Other Threads:
  0x00000000148e7000 VMThread [stack: 0x0000000015990000,0x0000000015a90000] [id=18084]
  0x00000000162a1000 WatcherThread [stack: 0x0000000016780000,0x0000000016880000] [id=18320]

VM state:not at safepoint (normal execution)

VM Mutex/Monitor currently owned by a thread: None

Heap:
 PSYoungGen      total 38400K, used 31318K [0x00000000eab00000, 0x00000000ed580000, 0x0000000100000000)
  eden space 33280K, 94% used [0x00000000eab00000,0x00000000ec995a50,0x00000000ecb80000)
  from space 5120K, 0% used [0x00000000ed080000,0x00000000ed080000,0x00000000ed580000)
  to   space 5120K, 0% used [0x00000000ecb80000,0x00000000ecb80000,0x00000000ed080000)
 ParOldGen       total 87552K, used 0K [0x00000000c0000000, 0x00000000c5580000, 0x00000000eab00000)
  object space 87552K, 0% used [0x00000000c0000000,0x00000000c0000000,0x00000000c5580000)
 Metaspace       used 5855K, capacity 6896K, committed 7040K, reserved 1056768K
  class space    used 591K, capacity 616K, committed 640K, reserved 1048576K

Card table byte_map: [0x0000000011610000,0x0000000011820000] byte_map_base: 0x0000000011010000

Marking Bits: (ParMarkBitMap*) 0x000000005a31a6c0
 Begin Bits: [0x0000000011d80000, 0x0000000012d80000)
 End Bits:   [0x0000000012d80000, 0x0000000013d80000)

Polling page: 0x00000000001f0000

CodeCache: size=245760Kb used=4673Kb max_used=4673Kb free=241086Kb
 bounds [0x0000000002250000, 0x00000000026f0000, 0x0000000011250000]
 total_blobs=1424 nmethods=1161 adapters=176
 compilation: enabled

Compilation events (10 events):
Event: 4.833 Thread 0x000000001497d800 nmethod 1136 0x00000000026c3610 code [0x00000000026c3760, 0x00000000026c3870]
Event: 4.834 Thread 0x000000001497d800 1161       3       com.android.dx.ssa.SCCP::run (298 bytes)
Event: 4.836 Thread 0x000000001497d800 nmethod 1161 0x00000000026de050 code [0x00000000026de440, 0x00000000026e0508]
Event: 4.836 Thread 0x000000001497d800 1162       3       com.android.dx.ssa.back.FirstFitLocalCombiningAllocator::findNextUnreservedRopReg (12 bytes)
Event: 4.836 Thread 0x000000001497d800 nmethod 1162 0x00000000026e11d0 code [0x00000000026e1360, 0x00000000026e16a8]
Event: 4.836 Thread 0x000000001497d800 1163       3       java.util.HashMap::<init> (8 bytes)
Event: 4.836 Thread 0x000000001497d800 nmethod 1163 0x00000000026e17d0 code [0x00000000026e1960, 0x00000000026e1ae8]
Event: 4.836 Thread 0x000000001497d800 1164       3       java.util.HashMap::<init> (98 bytes)
Event: 4.838 Thread 0x000000001497d800 nmethod 1164 0x00000000026e1b90 code [0x00000000026e1e20, 0x00000000026e3008]
Event: 4.838 Thread 0x000000001497d800 1166       3       com.android.dx.ssa.Dominators::run (506 bytes)

GC Heap History (0 events):
No events

Deoptimization events (10 events):
Event: 4.323 Thread 0x0000000016544800 Uncommon trap: reason=unstable_if action=reinterpret pc=0x0000000002495ff0 method=java.util.BitSet.nextSetBit(I)I @ 87
Event: 4.367 Thread 0x0000000016543800 Uncommon trap: reason=class_check action=maybe_recompile pc=0x00000000025d6750 method=com.android.dx.rop.type.Type.equals(Ljava/lang/Object;)Z @ 8
Event: 4.367 Thread 0x0000000016543800 Uncommon trap: reason=unstable_if action=reinterpret pc=0x0000000002570ef0 method=com.android.dx.rop.code.RegisterSpec.equals(ILcom/android/dx/rop/type/TypeBearer;Lcom/android/dx/rop/code/LocalItem;)Z @ 16
Event: 4.367 Thread 0x0000000016543800 Uncommon trap: reason=class_check action=maybe_recompile pc=0x00000000025d6714 method=com.android.dx.rop.type.Type.equals(Ljava/lang/Object;)Z @ 8
Event: 4.367 Thread 0x0000000016543800 Uncommon trap: reason=class_check action=maybe_recompile pc=0x00000000025d6714 method=com.android.dx.rop.type.Type.equals(Ljava/lang/Object;)Z @ 8
Event: 4.367 Thread 0x0000000016543800 Uncommon trap: reason=class_check action=maybe_recompile pc=0x00000000025d6714 method=com.android.dx.rop.type.Type.equals(Ljava/lang/Object;)Z @ 8
Event: 4.367 Thread 0x0000000016543800 Uncommon trap: reason=class_check action=maybe_recompile pc=0x00000000025c65f8 method=com.android.dx.rop.type.Type.equals(Ljava/lang/Object;)Z @ 8
Event: 4.367 Thread 0x0000000016543800 Uncommon trap: reason=unstable_if action=reinterpret pc=0x00000000024a62f0 method=java.util.HashMap.getNode(ILjava/lang/Object;)Ljava/util/HashMap$Node; @ 62
Event: 4.368 Thread 0x0000000016543800 Uncommon trap: reason=class_check action=maybe_recompile pc=0x00000000025f1868 method=com.android.dx.rop.type.Type.equals(Ljava/lang/Object;)Z @ 8
Event: 4.390 Thread 0x000000001653c800 Uncommon trap: reason=unstable_if action=reinterpret pc=0x00000000025f0ac0 method=com.android.dx.ssa.SsaRenamer$BlockRenamer.addMapping(ILcom/android/dx/rop/code/RegisterSpec;)V @ 120

Internal exceptions (2 events):
Event: 0.176 Thread 0x0000000002151000 Exception <a 'java/lang/NoSuchMethodError': Method sun.misc.Unsafe.defineClass(Ljava/lang/String;[BII)Ljava/lang/Class; name or signature does not match> (0x00000000eab07c78) thrown at [C:\re\workspace\8-2-build-windows-amd64-cygwin\jdk8u102\7268\hotspot\s43ù•}∆?
Event: 0.176 Thread 0x0000000002151000 Exception <a 'java/lang/NoSuchMethodError': Method sun.misc.Unsafe.prefetchRead(Ljava/lang/Object;J)V name or signature does not match> (0x00000000eab07f60) thrown at [C:\re\workspace\8-2-build-windows-amd64-cygwin\jdk8u102\7268\hotspot\src\share\vm\prims\

Events (10 events):
Event: 4.368 Thread 0x0000000016543800 Uncommon trap: trap_request=0xffffffde fr.pc=0x00000000025f1868
Event: 4.368 Thread 0x0000000016543800 DEOPT PACKING pc=0x00000000025f1868 sp=0x0000000016b7e0c0
Event: 4.368 Thread 0x0000000016543800 DEOPT UNPACKING pc=0x000000000229582a sp=0x0000000016b7e068 mode 2
Event: 4.370 loading class java/util/HashMap$Values
Event: 4.370 loading class java/util/HashMap$Values done
Event: 4.370 loading class java/util/HashMap$ValueIterator
Event: 4.370 loading class java/util/HashMap$ValueIterator done
Event: 4.390 Thread 0x000000001653c800 Uncommon trap: trap_request=0xffffff65 fr.pc=0x00000000025f0ac0
Event: 4.390 Thread 0x000000001653c800 DEOPT PACKING pc=0x00000000025f0ac0 sp=0x000000001697e3a0
Event: 4.390 Thread 0x000000001653c800 DEOPT UNPACKING pc=0x000000000229582a sp=0x000000001697e330 mode 2


Dynamic libraries:
0x00007ff7ea890000 - 0x00007ff7ea8c7000 	C:\Program Files\Java\jdk1.8.0_102\bin\java.exe
0x00007ffecae10000 - 0x00007ffecafe1000 	C:\WINDOWS\SYSTEM32\ntdll.dll
0x00007ffec8c10000 - 0x00007ffec8cbb000 	C:\WINDOWS\System32\KERNEL32.DLL
0x00007ffec8120000 - 0x00007ffec833d000 	C:\WINDOWS\System32\KERNELBASE.dll
0x00007ffec8b60000 - 0x00007ffec8c02000 	C:\WINDOWS\System32\ADVAPI32.dll
0x00007ffec8a50000 - 0x00007ffec8aee000 	C:\WINDOWS\System32\msvcrt.dll
0x00007ffec8420000 - 0x00007ffec8479000 	C:\WINDOWS\System32\sechost.dll
0x00007ffec9160000 - 0x00007ffec9281000 	C:\WINDOWS\System32\RPCRT4.dll
0x00007ffecac80000 - 0x00007ffecade5000 	C:\WINDOWS\System32\USER32.dll
0x00007ffec76f0000 - 0x00007ffec770e000 	C:\WINDOWS\System32\win32u.dll
0x00007ffec8b20000 - 0x00007ffec8b54000 	C:\WINDOWS\System32\GDI32.dll
0x00007ffec7e40000 - 0x00007ffec7fc2000 	C:\WINDOWS\System32\gdi32full.dll
0x00007ffebbb00000 - 0x00007ffebbd79000 	C:\WINDOWS\WinSxS\amd64_microsoft.windows.common-controls_6595b64144ccf1df_6.0.14393.0_none_2d0f50fcbdb171b8\COMCTL32.dll
0x00007ffeca940000 - 0x00007ffecac07000 	C:\WINDOWS\System32\combase.dll
0x00007ffec75f0000 - 0x00007ffec76e5000 	C:\WINDOWS\System32\ucrtbase.dll
0x00007ffec7580000 - 0x00007ffec75ea000 	C:\WINDOWS\System32\bcryptPrimitives.dll
0x00007ffec8af0000 - 0x00007ffec8b1e000 	C:\WINDOWS\System32\IMM32.DLL
0x00000000595f0000 - 0x00000000596c1000 	C:\Program Files\Java\jdk1.8.0_102\jre\bin\msvcr100.dll
0x0000000059b00000 - 0x000000005a39a000 	C:\Program Files\Java\jdk1.8.0_102\jre\bin\server\jvm.dll
0x00007ffecac10000 - 0x00007ffecac18000 	C:\WINDOWS\System32\PSAPI.DLL
0x00007ffec45a0000 - 0x00007ffec45a9000 	C:\WINDOWS\SYSTEM32\WSOCK32.dll
0x00007ffec8d20000 - 0x00007ffec8d8a000 	C:\WINDOWS\System32\WS2_32.dll
0x00007ffec5aa0000 - 0x00007ffec5ac3000 	C:\WINDOWS\SYSTEM32\WINMM.dll
0x00007ffec57c0000 - 0x00007ffec57ca000 	C:\WINDOWS\SYSTEM32\VERSION.dll
0x00007ffec5a70000 - 0x00007ffec5a9b000 	C:\WINDOWS\SYSTEM32\WINMMBASE.dll
0x00007ffec7df0000 - 0x00007ffec7e32000 	C:\WINDOWS\System32\cfgmgr32.dll
0x000000005aad0000 - 0x000000005aadf000 	C:\Program Files\Java\jdk1.8.0_102\jre\bin\verify.dll
0x000000005aaa0000 - 0x000000005aac9000 	C:\Program Files\Java\jdk1.8.0_102\jre\bin\java.dll
0x000000005aa80000 - 0x000000005aa96000 	C:\Program Files\Java\jdk1.8.0_102\jre\bin\zip.dll
0x00007ffec9430000 - 0x00007ffeca938000 	C:\WINDOWS\System32\SHELL32.dll
0x00007ffec7710000 - 0x00007ffec7dea000 	C:\WINDOWS\System32\windows.storage.dll
0x00007ffec72b0000 - 0x00007ffec72fc000 	C:\WINDOWS\System32\powrprof.dll
0x00007ffecac20000 - 0x00007ffecac72000 	C:\WINDOWS\System32\shlwapi.dll
0x00007ffec7270000 - 0x00007ffec727f000 	C:\WINDOWS\System32\kernel.appcore.dll
0x00007ffec74d0000 - 0x00007ffec7579000 	C:\WINDOWS\System32\shcore.dll
0x00007ffec7280000 - 0x00007ffec7294000 	C:\WINDOWS\System32\profapi.dll

VM Arguments:
jvm_args: -Djava.awt.headless=true -Xmx1024M -Dfile.encoding=windows-1252 -Duser.country=US -Duser.language=en -Duser.variant 
java_command: com.android.dx.command.Main --dex --force-jumbo --num-threads=4 --multi-dex --output C:\Users\Khalid.Elgazzar\AndroidStudioProjects\JustJava\app\build\intermediates\transforms\dex\debug\folders\1000\10\com.android.support-support-compat-24.2.1_bb18879061b2e8172329f97e648f6e441a818a1b C:\Users\Khalid.Elgazzar\AndroidStudioProjects\JustJava\app\build\intermediates\exploded-aar\com.android.support\support-compat\24.2.1\jars\classes.jar
java_class_path (initial): C:\Users\Khalid.Elgazzar\AppData\Local\Android\sdk\build-tools\24.0.2\lib\dx.jar
Launcher Type: SUN_STANDARD

Environment Variables:
PATH=C:\ProgramData\Oracle\Java\javapath;C:\WINDOWS\system32;C:\WINDOWS;C:\WINDOWS\System32\Wbem;C:\WINDOWS\System32\WindowsPowerShell\v1.0\;C:\Program Files (x86)\Skype\Phone\;C:\Program Files (x86)\Google\Google Apps Sync\;C:\Program Files (x86)\Google\Google Apps Migration\;C:\TDM-GCC-64\bin;C:\Users\Khalid.Elgazzar\AppData\Local\Microsoft\WindowsApps;
USERNAME=Khalid.Elgazzar
OS=Windows_NT
PROCESSOR_IDENTIFIER=Intel64 Family 6 Model 78 Stepping 3, GenuineIntel



---------------  S Y S T E M  ---------------

OS: Windows 10.0 , 64 bit Build 14393 (10.0.14393.0)

CPU:total 4 (2 cores per cpu, 2 threads per core) family 6 model 78 stepping 3, cmov, cx8, fxsr, mmx, sse, sse2, sse3, ssse3, sse4.1, sse4.2, popcnt, avx, avx2, aes, clmul, erms, 3dnowpref, lzcnt, ht, tsc, tscinvbit, bmi1, bmi2, adx

Memory: 4k page, physical 8269992k(57936k free), swap 22336676k(4172k free)

vm_info: Java HotSpot(TM) 64-Bit Server VM (25.102-b14) for windows-amd64 JRE (1.8.0_102-b14), built on Jun 22 2016 13:15:21 by "java_re" with MS VC++ 10.0 (VS2010)

time: Wed Oct 12 15:00:10 2016
elapsed time: 4 seconds (0d 0h 0m 4s)

